Assembler report for ddr2_top
Sun Oct 05 22:29:21 2014
Quartus II 64-Bit Version 14.0.1 Build 205 08/13/2014 SJ Full Version


---------------------
; Table of Contents ;
---------------------
  1. Legal Notice
  2. Assembler Summary
  3. Assembler Settings
  4. Assembler Generated Files
  5. Assembler Device Options: F:/ddr2/ddr2_test1/project/output_files/ddr2_top.sof
  6. Assembler Messages



----------------
; Legal Notice ;
----------------
Copyright (C) 1991-2014 Altera Corporation. All rights reserved.
Your use of Altera Corporation's design tools, logic functions 
and other software and tools, and its AMPP partner logic 
functions, and any output files from any of the foregoing 
(including device programming or simulation files), and any 
associated documentation or information are expressly subject 
to the terms and conditions of the Altera Program License 
Subscription Agreement, the Altera Quartus II License Agreement,
the Altera MegaCore Function License Agreement, or other 
applicable license agreement, including, without limitation, 
that your use is for the sole purpose of programming logic 
devices manufactured by Altera and sold by Altera or its 
authorized distributors.  Please refer to the applicable 
agreement for further details.



+---------------------------------------------------------------+
; Assembler Summary                                             ;
+-----------------------+---------------------------------------+
; Assembler Status      ; Successful - Sun Oct 05 22:29:21 2014 ;
; Revision Name         ; ddr2_top                              ;
; Top-level Entity Name ; ddr2_top                              ;
; Family                ; Cyclone IV E                          ;
; Device                ; EP4CE30F23C6                          ;
+-----------------------+---------------------------------------+


+----------------------------------+
; Assembler Settings               ;
+--------+---------+---------------+
; Option ; Setting ; Default Value ;
+--------+---------+---------------+


+------------------------------------------------------+
; Assembler Generated Files                            ;
+------------------------------------------------------+
; File Name                                            ;
+------------------------------------------------------+
; F:/ddr2/ddr2_test1/project/output_files/ddr2_top.sof ;
+------------------------------------------------------+


+--------------------------------------------------------------------------------+
; Assembler Device Options: F:/ddr2/ddr2_test1/project/output_files/ddr2_top.sof ;
+----------------+---------------------------------------------------------------+
; Option         ; Setting                                                       ;
+----------------+---------------------------------------------------------------+
; Device         ; EP4CE30F23C6                                                  ;
; JTAG usercode  ; 0x00570715                                                    ;
; Checksum       ; 0x00570715                                                    ;
+----------------+---------------------------------------------------------------+


+--------------------+
; Assembler Messages ;
+--------------------+
Info: *******************************************************************
Info: Running Quartus II 64-Bit Assembler
    Info: Version 14.0.1 Build 205 08/13/2014 SJ Full Version
    Info: Processing started: Sun Oct 05 22:29:18 2014
Info: Command: quartus_asm --read_settings_files=off --write_settings_files=off ddr2_top -c ddr2_top
Info (115031): Writing out detailed assembly data for power analysis
Info (115030): Assembler is generating device programming files
Info: Quartus II 64-Bit Assembler was successful. 0 errors, 0 warnings
    Info: Peak virtual memory: 553 megabytes
    Info: Processing ended: Sun Oct 05 22:29:22 2014
    Info: Elapsed time: 00:00:04
    Info: Total CPU time (on all processors): 00:00:03


