Flow report for ddr2_top
Sun Oct 05 22:31:12 2014
Quartus II 64-Bit Version 14.0.1 Build 205 08/13/2014 SJ Full Version


---------------------
; Table of Contents ;
---------------------
  1. Legal Notice
  2. Flow Summary
  3. Flow Settings
  4. Flow Non-Default Global Settings
  5. Flow Elapsed Time
  6. Flow OS Summary
  7. Flow Log
  8. Flow Messages
  9. Flow Suppressed Messages



----------------
; Legal Notice ;
----------------
Copyright (C) 1991-2014 Altera Corporation. All rights reserved.
Your use of Altera Corporation's design tools, logic functions 
and other software and tools, and its AMPP partner logic 
functions, and any output files from any of the foregoing 
(including device programming or simulation files), and any 
associated documentation or information are expressly subject 
to the terms and conditions of the Altera Program License 
Subscription Agreement, the Altera Quartus II License Agreement,
the Altera MegaCore Function License Agreement, or other 
applicable license agreement, including, without limitation, 
that your use is for the sole purpose of programming logic 
devices manufactured by Altera and sold by Altera or its 
authorized distributors.  Please refer to the applicable 
agreement for further details.



+----------------------------------------------------------------------------------+
; Flow Summary                                                                     ;
+------------------------------------+---------------------------------------------+
; Flow Status                        ; Successful - Sun Oct 05 22:29:21 2014       ;
; Quartus II 64-Bit Version          ; 14.0.1 Build 205 08/13/2014 SJ Full Version ;
; Revision Name                      ; ddr2_top                                    ;
; Top-level Entity Name              ; ddr2_top                                    ;
; Family                             ; Cyclone IV E                                ;
; Device                             ; EP4CE30F23C6                                ;
; Timing Models                      ; Final                                       ;
; Total logic elements               ; 6,067 / 28,848 ( 21 % )                     ;
;     Total combinational functions  ; 5,161 / 28,848 ( 18 % )                     ;
;     Dedicated logic registers      ; 3,540 / 28,848 ( 12 % )                     ;
; Total registers                    ; 3708                                        ;
; Total pins                         ; 67 / 329 ( 20 % )                           ;
; Total virtual pins                 ; 0                                           ;
; Total memory bits                  ; 19,936 / 608,256 ( 3 % )                    ;
; Embedded Multiplier 9-bit elements ; 0 / 132 ( 0 % )                             ;
; Total PLLs                         ; 1 / 4 ( 25 % )                              ;
+------------------------------------+---------------------------------------------+


+-----------------------------------------+
; Flow Settings                           ;
+-------------------+---------------------+
; Option            ; Setting             ;
+-------------------+---------------------+
; Start date & time ; 10/05/2014 22:27:35 ;
; Main task         ; Compilation         ;
; Revision Name     ; ddr2_top            ;
+-------------------+---------------------+


+-----------------------------------------------------------------------------------------------------------------------------------------+
; Flow Non-Default Global Settings                                                                                                        ;
+-------------------------------------+----------------------------------------------------+---------------+-------------+----------------+
; Assignment Name                     ; Value                                              ; Default Value ; Entity Name ; Section Id     ;
+-------------------------------------+----------------------------------------------------+---------------+-------------+----------------+
; COMPILER_SIGNATURE_ID               ; 92587416997155.141251925506324                     ; --            ; --          ; --             ;
; EDA_DESIGN_EXTRA_ALTERA_SIM_LIB     ; cycloneiii_ver                                     ; --            ; --          ; eda_simulation ;
; EDA_DESIGN_EXTRA_ALTERA_SIM_LIB     ; cycloneiii_ver                                     ; --            ; --          ; eda_simulation ;
; IP_GENERATED_DEVICE_FAMILY          ; {Cyclone IV E}                                     ; --            ; --          ; --             ;
; IP_GENERATED_DEVICE_FAMILY          ; {Cyclone IV E}                                     ; --            ; --          ; --             ;
; IP_GENERATED_DEVICE_FAMILY          ; {Cyclone IV E}                                     ; --            ; --          ; --             ;
; IP_TOOL_NAME                        ; DDR2 High Performance Controller                   ; --            ; --          ; --             ;
; IP_TOOL_NAME                        ; altmemphy                                          ; --            ; --          ; --             ;
; IP_TOOL_NAME                        ; ALTPLL                                             ; --            ; --          ; --             ;
; IP_TOOL_VERSION                     ; 14.0                                               ; --            ; --          ; --             ;
; IP_TOOL_VERSION                     ; 14.0                                               ; --            ; --          ; --             ;
; IP_TOOL_VERSION                     ; 14.0                                               ; --            ; --          ; --             ;
; MAX_CORE_JUNCTION_TEMP              ; 85                                                 ; --            ; --          ; --             ;
; MIN_CORE_JUNCTION_TEMP              ; 0                                                  ; --            ; --          ; --             ;
; MISC_FILE                           ; ../coreip/ddr2.v                                   ; --            ; --          ; --             ;
; MISC_FILE                           ; ../coreip/ddr2_bb.v                                ; --            ; --          ; --             ;
; MISC_FILE                           ; ../coreip/ddr2.bsf                                 ; --            ; --          ; --             ;
; MISC_FILE                           ; ../coreip/ddr2.qip                                 ; --            ; --          ; --             ;
; MISC_FILE                           ; ../coreip/ddr2.html                                ; --            ; --          ; --             ;
; MISC_FILE                           ; ../coreip/ddr2_example_driver.v                    ; --            ; --          ; --             ;
; MISC_FILE                           ; ../coreip/ddr2_example_top.v                       ; --            ; --          ; --             ;
; MISC_FILE                           ; ../coreip/ddr2_ex_lfsr8.v                          ; --            ; --          ; --             ;
; MISC_FILE                           ; ../coreip/testbench/ddr2_example_top_tb.v          ; --            ; --          ; --             ;
; MISC_FILE                           ; ../coreip/testbench/ddr2_mem_model.v               ; --            ; --          ; --             ;
; MISC_FILE                           ; ../coreip/testbench/ddr2_full_mem_model.v          ; --            ; --          ; --             ;
; MISC_FILE                           ; ../coreip/ddr2_pin_assignments.tcl                 ; --            ; --          ; --             ;
; MISC_FILE                           ; ../coreip/ddr2_phy.v                               ; --            ; --          ; --             ;
; MISC_FILE                           ; ../coreip/ddr2_phy_bb.v                            ; --            ; --          ; --             ;
; MISC_FILE                           ; ../coreip/ddr2_phy.bsf                             ; --            ; --          ; --             ;
; MISC_FILE                           ; ../coreip/ddr2_phy_alt_mem_phy_seq_wrapper.vo      ; --            ; --          ; --             ;
; MISC_FILE                           ; ../coreip/ddr2_phy.qip                             ; --            ; --          ; --             ;
; MISC_FILE                           ; ../coreip/ddr2_phy.html                            ; --            ; --          ; --             ;
; MISC_FILE                           ; ../coreip/ddr2_phy_alt_mem_phy_seq_wrapper.v       ; --            ; --          ; --             ;
; MISC_FILE                           ; ../coreip/ddr2_phy_alt_mem_phy_seq.vhd             ; --            ; --          ; --             ;
; MISC_FILE                           ; ../coreip/ddr2_phy_alt_mem_phy.v                   ; --            ; --          ; --             ;
; MISC_FILE                           ; ../coreip/ddr2_phy_alt_mem_phy_pll.v               ; --            ; --          ; --             ;
; MISC_FILE                           ; ../coreip/ddr2_phy_pin_assignments.tcl             ; --            ; --          ; --             ;
; MISC_FILE                           ; ../coreip/ddr2_phy_ddr_pins.tcl                    ; --            ; --          ; --             ;
; MISC_FILE                           ; ../coreip/ddr2_phy_report_timing.tcl               ; --            ; --          ; --             ;
; MISC_FILE                           ; ../coreip/ddr2_phy_report_timing_core.tcl          ; --            ; --          ; --             ;
; MISC_FILE                           ; ../coreip/ddr2_phy_ddr_timing.tcl                  ; --            ; --          ; --             ;
; MISC_FILE                           ; ../coreip/ddr2_phy_alt_mem_phy_pll_bb.v            ; --            ; --          ; --             ;
; MISC_FILE                           ; ../coreip/alt_mem_phy_defines.v                    ; --            ; --          ; --             ;
; MISC_FILE                           ; ../coreip/ddr2_phy.ppf                             ; --            ; --          ; --             ;
; NOMINAL_CORE_SUPPLY_VOLTAGE         ; 1.2V                                               ; --            ; --          ; --             ;
; PARTITION_COLOR                     ; 16764057                                           ; --            ; --          ; Top            ;
; PARTITION_FITTER_PRESERVATION_LEVEL ; PLACEMENT_AND_ROUTING                              ; --            ; --          ; Top            ;
; PARTITION_NETLIST_TYPE              ; SOURCE                                             ; --            ; --          ; Top            ;
; POWER_BOARD_THERMAL_MODEL           ; None (CONSERVATIVE)                                ; --            ; --          ; --             ;
; POWER_PRESET_COOLING_SOLUTION       ; 23 MM HEAT SINK WITH 200 LFPM AIRFLOW              ; --            ; --          ; --             ;
; PROJECT_OUTPUT_DIRECTORY            ; output_files                                       ; --            ; --          ; --             ;
; SEARCH_PATH                         ; ../coreip/.                                        ; --            ; --          ; --             ;
; SEARCH_PATH                         ; ../coreip/ddr2_high_performance_controller-library ; --            ; --          ; --             ;
; SEARCH_PATH                         ; ../coreip/.                                        ; --            ; --          ; --             ;
; SEARCH_PATH                         ; ../coreip/altmemphy-library                        ; --            ; --          ; --             ;
+-------------------------------------+----------------------------------------------------+---------------+-------------+----------------+


+-------------------------------------------------------------------------------------------------------------------------------+
; Flow Elapsed Time                                                                                                             ;
+---------------------------+--------------+-------------------------+---------------------+------------------------------------+
; Module Name               ; Elapsed Time ; Average Processors Used ; Peak Virtual Memory ; Total CPU Time (on all processors) ;
+---------------------------+--------------+-------------------------+---------------------+------------------------------------+
; Analysis & Synthesis      ; 00:00:45     ; 1.0                     ; 781 MB              ; 00:00:41                           ;
; Fitter                    ; 00:00:49     ; 1.3                     ; 1260 MB             ; 00:01:00                           ;
; Assembler                 ; 00:00:03     ; 1.0                     ; 553 MB              ; 00:00:03                           ;
; TimeQuest Timing Analyzer ; 00:01:46     ; 1.0                     ; 793 MB              ; 00:01:42                           ;
; Total                     ; 00:03:23     ; --                      ; --                  ; 00:03:26                           ;
+---------------------------+--------------+-------------------------+---------------------+------------------------------------+


+----------------------------------------------------------------------------------------+
; Flow OS Summary                                                                        ;
+---------------------------+------------------+-----------+------------+----------------+
; Module Name               ; Machine Hostname ; OS Name   ; OS Version ; Processor type ;
+---------------------------+------------------+-----------+------------+----------------+
; Analysis & Synthesis      ; WIN-PFHEUQJVQOI  ; Windows 7 ; 6.2        ; x86_64         ;
; Fitter                    ; WIN-PFHEUQJVQOI  ; Windows 7 ; 6.2        ; x86_64         ;
; Assembler                 ; WIN-PFHEUQJVQOI  ; Windows 7 ; 6.2        ; x86_64         ;
; TimeQuest Timing Analyzer ; WIN-PFHEUQJVQOI  ; Windows 7 ; 6.2        ; x86_64         ;
+---------------------------+------------------+-----------+------------+----------------+


------------
; Flow Log ;
------------
quartus_map --read_settings_files=on --write_settings_files=off ddr2_top -c ddr2_top
quartus_fit --read_settings_files=off --write_settings_files=off ddr2_top -c ddr2_top
quartus_asm --read_settings_files=off --write_settings_files=off ddr2_top -c ddr2_top
quartus_sta ddr2_top -c ddr2_top



